[2021-12-31T19:50:52.540] [DEBUG] cheese - login => username:zs,password:123214
[2021-12-31T19:50:52.651] [DEBUG] cheese - zs
[2021-12-31T19:51:06.066] [DEBUG] cheese - null
[2021-12-31T19:51:06.089] [DEBUG] cheese - null
[2021-12-31T19:51:52.274] [DEBUG] cheese - login => username:admin,password:123456
[2021-12-31T19:51:52.274] [DEBUG] cheese - admin
[2021-12-31T19:51:52.287] [DEBUG] cheese - null
[2021-12-31T19:51:52.288] [DEBUG] cheese - null
[2022-01-02T13:21:31.748] [DEBUG] cheese - login => username:jjjj,password:kkkkklll
[2022-01-02T13:21:31.754] [DEBUG] cheese - jjjj
[2022-01-02T13:21:31.777] [DEBUG] cheese - login => username:jjjj,password:kkkkklll
[2022-01-02T13:21:31.895] [DEBUG] cheese - jjjj
[2022-01-02T13:21:32.151] [DEBUG] cheese - login => username:jjjj,password:kkkkklll
[2022-01-02T13:21:32.151] [DEBUG] cheese - jjjj
[2022-01-02T13:21:32.284] [DEBUG] cheese - login => username:jjjj,password:kkkkklll
[2022-01-02T13:21:32.284] [DEBUG] cheese - jjjj
[2022-01-02T13:21:32.344] [DEBUG] cheese - null
[2022-01-02T13:21:32.345] [DEBUG] cheese - null
[2022-01-02T13:21:32.348] [DEBUG] cheese - null
[2022-01-02T13:21:32.348] [DEBUG] cheese - null
[2022-01-02T13:21:32.351] [DEBUG] cheese - null
[2022-01-02T13:21:32.351] [DEBUG] cheese - null
[2022-01-02T13:21:32.354] [DEBUG] cheese - null
[2022-01-02T13:21:32.355] [DEBUG] cheese - null
[2022-01-02T13:21:32.568] [DEBUG] cheese - login => username:jjjj,password:kkkkklll
[2022-01-02T13:21:32.569] [DEBUG] cheese - jjjj
[2022-01-02T13:21:32.577] [DEBUG] cheese - null
[2022-01-02T13:21:32.579] [DEBUG] cheese - null
[2022-01-02T13:21:35.700] [DEBUG] cheese - login => username:jjjj,password:kkkkklll
[2022-01-02T13:21:35.700] [DEBUG] cheese - jjjj
[2022-01-02T13:21:35.704] [DEBUG] cheese - null
[2022-01-02T13:21:35.704] [DEBUG] cheese - null
[2022-01-02T13:21:37.345] [DEBUG] cheese - login => username:jjjj,password:kkkkklll
[2022-01-02T13:21:37.346] [DEBUG] cheese - jjjj
[2022-01-02T13:21:37.351] [DEBUG] cheese - null
[2022-01-02T13:21:37.351] [DEBUG] cheese - null
[2022-01-02T13:21:39.393] [DEBUG] cheese - login => username:jjjj,password:kkkkklll
[2022-01-02T13:21:39.393] [DEBUG] cheese - jjjj
[2022-01-02T13:21:39.396] [DEBUG] cheese - null
[2022-01-02T13:21:39.397] [DEBUG] cheese - null
[2022-01-02T13:21:46.451] [DEBUG] cheese - login => username:kjhkj,password:kjhkjhk
[2022-01-02T13:21:46.451] [DEBUG] cheese - kjhkj
[2022-01-02T13:21:46.457] [DEBUG] cheese - null
[2022-01-02T13:21:46.458] [DEBUG] cheese - null
[2022-01-02T13:21:47.446] [DEBUG] cheese - login => username:kjhkj,password:kjhkjhk
[2022-01-02T13:21:47.447] [DEBUG] cheese - kjhkj
[2022-01-02T13:21:47.451] [DEBUG] cheese - null
[2022-01-02T13:21:47.452] [DEBUG] cheese - null
[2022-01-02T13:21:47.732] [DEBUG] cheese - login => username:kjhkj,password:kjhkjhk
[2022-01-02T13:21:47.732] [DEBUG] cheese - kjhkj
[2022-01-02T13:21:47.736] [DEBUG] cheese - null
[2022-01-02T13:21:47.737] [DEBUG] cheese - null
[2022-01-02T13:21:47.932] [DEBUG] cheese - login => username:kjhkj,password:kjhkjhk
[2022-01-02T13:21:47.932] [DEBUG] cheese - kjhkj
[2022-01-02T13:21:47.960] [DEBUG] cheese - null
[2022-01-02T13:21:47.961] [DEBUG] cheese - null
[2022-01-02T13:21:48.125] [DEBUG] cheese - login => username:kjhkj,password:kjhkjhk
[2022-01-02T13:21:48.125] [DEBUG] cheese - kjhkj
[2022-01-02T13:21:48.129] [DEBUG] cheese - null
[2022-01-02T13:21:48.129] [DEBUG] cheese - null
[2022-01-02T13:21:48.312] [DEBUG] cheese - login => username:kjhkj,password:kjhkjhk
[2022-01-02T13:21:48.312] [DEBUG] cheese - kjhkj
[2022-01-02T13:21:48.315] [DEBUG] cheese - null
[2022-01-02T13:21:48.315] [DEBUG] cheese - null
[2022-01-02T13:21:48.492] [DEBUG] cheese - login => username:kjhkj,password:kjhkjhk
[2022-01-02T13:21:48.493] [DEBUG] cheese - kjhkj
[2022-01-02T13:21:48.496] [DEBUG] cheese - null
[2022-01-02T13:21:48.497] [DEBUG] cheese - null
[2022-01-02T13:21:49.469] [DEBUG] cheese - login => username:kjhkj,password:kjhkjhk
[2022-01-02T13:21:49.469] [DEBUG] cheese - kjhkj
[2022-01-02T13:21:49.475] [DEBUG] cheese - null
[2022-01-02T13:21:49.475] [DEBUG] cheese - null
[2022-01-02T13:21:52.235] [DEBUG] cheese - login => username:kjhkj,password:kjhkjhk
[2022-01-02T13:21:52.235] [DEBUG] cheese - kjhkj
[2022-01-02T13:21:52.238] [DEBUG] cheese - null
[2022-01-02T13:21:52.239] [DEBUG] cheese - null
[2022-01-02T13:22:27.861] [DEBUG] cheese - login => username:admin,password:123456
[2022-01-02T13:22:27.861] [DEBUG] cheese - admin
[2022-01-02T13:22:27.876] [DEBUG] cheese - null
[2022-01-02T13:22:27.876] [DEBUG] cheese - null
[2022-01-02T13:45:29.995] [DEBUG] cheese - login => username:admin,password:123456
[2022-01-02T13:45:29.996] [DEBUG] cheese - admin
[2022-01-02T13:45:55.086] [DEBUG] cheese - login => username:admin,password:123456
[2022-01-02T13:45:55.086] [DEBUG] cheese - admin
[2022-01-02T13:45:55.094] [DEBUG] cheese - null
[2022-01-02T13:45:55.094] [DEBUG] cheese - null
[2022-01-02T13:45:55.341] [DEBUG] cheese - login => username:admin,password:123456
[2022-01-02T13:45:55.342] [DEBUG] cheese - admin
[2022-01-02T13:45:55.349] [DEBUG] cheese - null
[2022-01-02T13:45:55.350] [DEBUG] cheese - null
[2022-01-02T13:45:55.588] [DEBUG] cheese - null
[2022-01-02T13:45:55.588] [DEBUG] cheese - null
[2022-01-02T14:58:32.022] [DEBUG] cheese - login => username:admin,password:123456
[2022-01-02T14:58:32.034] [DEBUG] cheese - admin
[2022-01-02T14:58:32.200] [DEBUG] cheese - null
[2022-01-02T14:58:32.200] [DEBUG] cheese - null
[2022-01-02T15:28:19.250] [DEBUG] cheese - login => username:admin,password:123456
[2022-01-02T15:28:19.253] [DEBUG] cheese - admin
[2022-01-02T15:28:19.382] [DEBUG] cheese - null
[2022-01-02T15:28:19.383] [DEBUG] cheese - null
[2022-01-02T15:51:27.429] [DEBUG] cheese - login => username:admin,password:123456
[2022-01-02T15:51:27.430] [DEBUG] cheese - admin
[2022-01-02T15:51:27.689] [DEBUG] cheese - null
[2022-01-02T15:51:27.690] [DEBUG] cheese - null
[2022-01-02T16:03:55.294] [DEBUG] cheese - login => username:admin,password:123456
[2022-01-02T16:03:55.294] [DEBUG] cheese - admin
[2022-01-02T16:03:55.364] [DEBUG] cheese - null
[2022-01-02T16:03:55.364] [DEBUG] cheese - null
[2022-01-03T21:11:10.886] [DEBUG] cheese - login => username:admin,password:123456
[2022-01-03T21:11:10.889] [DEBUG] cheese - admin
[2022-01-03T21:11:11.179] [DEBUG] cheese - null
[2022-01-03T21:11:11.179] [DEBUG] cheese - null
[2022-01-07T09:39:45.498] [DEBUG] cheese - login => username:admin,password:123456
[2022-01-07T09:39:45.725] [DEBUG] cheese - admin
[2022-01-07T09:39:47.364] [DEBUG] cheese - null
[2022-01-07T09:39:47.364] [DEBUG] cheese - null
[2022-01-07T14:51:39.247] [DEBUG] cheese - login => username:admin,password:123456
[2022-01-07T14:51:39.383] [DEBUG] cheese - admin
[2022-01-07T14:51:39.677] [DEBUG] cheese - null
[2022-01-07T14:51:39.677] [DEBUG] cheese - null
[2022-01-07T15:18:57.312] [DEBUG] cheese - login => username:admin,password:123456
[2022-01-07T15:18:57.313] [DEBUG] cheese - admin
[2022-01-07T15:18:57.394] [DEBUG] cheese - null
[2022-01-07T15:18:57.394] [DEBUG] cheese - null
[2022-01-07T15:23:03.672] [DEBUG] cheese - login => username:admin,password:123456
[2022-01-07T15:23:03.672] [DEBUG] cheese - admin
[2022-01-07T15:23:03.955] [DEBUG] cheese - login => username:admin,password:123456
[2022-01-07T15:23:03.983] [DEBUG] cheese - admin
[2022-01-07T15:23:03.988] [DEBUG] cheese - login => username:admin,password:123456
[2022-01-07T15:23:03.988] [DEBUG] cheese - admin
[2022-01-07T15:23:03.993] [DEBUG] cheese - login => username:admin,password:123456
[2022-01-07T15:23:03.993] [DEBUG] cheese - admin
[2022-01-07T15:23:03.998] [DEBUG] cheese - login => username:admin,password:123456
[2022-01-07T15:23:03.998] [DEBUG] cheese - admin
[2022-01-07T15:23:04.133] [DEBUG] cheese - login => username:admin,password:123456
[2022-01-07T15:23:04.133] [DEBUG] cheese - admin
[2022-01-07T15:23:04.138] [DEBUG] cheese - null
[2022-01-07T15:23:04.138] [DEBUG] cheese - null
[2022-01-07T15:23:04.402] [DEBUG] cheese - login => username:admin,password:123456
[2022-01-07T15:23:04.403] [DEBUG] cheese - admin
[2022-01-07T15:23:04.407] [DEBUG] cheese - null
[2022-01-07T15:23:04.408] [DEBUG] cheese - null
[2022-01-07T15:23:04.820] [DEBUG] cheese - null
[2022-01-07T15:23:04.820] [DEBUG] cheese - null
[2022-01-07T15:23:05.044] [DEBUG] cheese - null
[2022-01-07T15:23:05.044] [DEBUG] cheese - null
[2022-01-07T15:23:05.427] [DEBUG] cheese - null
[2022-01-07T15:23:05.427] [DEBUG] cheese - null
[2022-01-07T15:23:05.658] [DEBUG] cheese - null
[2022-01-07T15:23:05.658] [DEBUG] cheese - null
[2022-01-07T15:23:05.893] [DEBUG] cheese - null
[2022-01-07T15:23:05.893] [DEBUG] cheese - null
[2022-01-07T15:27:16.012] [DEBUG] cheese - login => username:admin,password:123456
[2022-01-07T15:27:16.012] [DEBUG] cheese - admin
[2022-01-07T15:27:16.049] [DEBUG] cheese - null
[2022-01-07T15:27:16.049] [DEBUG] cheese - null
[2022-01-07T21:37:47.512] [DEBUG] cheese - login => username:admin,password:123456
[2022-01-07T21:37:47.667] [DEBUG] cheese - admin
[2022-01-07T21:37:47.932] [DEBUG] cheese - null
[2022-01-07T21:37:47.957] [DEBUG] cheese - null
[2022-01-07T21:37:50.511] [DEBUG] cheese - login => username:admin,password:123456
[2022-01-07T21:37:50.511] [DEBUG] cheese - admin
[2022-01-07T21:37:50.514] [DEBUG] cheese - null
[2022-01-07T21:37:50.515] [DEBUG] cheese - null
[2022-01-08T13:05:09.763] [DEBUG] cheese - login => username:admin,password:123456
[2022-01-08T13:05:10.106] [DEBUG] cheese - admin
[2022-01-08T13:05:10.645] [DEBUG] cheese - null
[2022-01-08T13:05:10.646] [DEBUG] cheese - null
[2022-01-08T20:15:37.956] [DEBUG] cheese - login => username:admin,password:123456
[2022-01-08T20:15:38.198] [DEBUG] cheese - admin
[2022-01-08T20:15:38.485] [DEBUG] cheese - null
[2022-01-08T20:15:38.485] [DEBUG] cheese - null
[2022-01-08T20:16:22.411] [DEBUG] cheese - login => username:admin,password:123456
[2022-01-08T20:16:22.411] [DEBUG] cheese - admin
[2022-01-08T20:16:22.415] [DEBUG] cheese - null
[2022-01-08T20:16:22.415] [DEBUG] cheese - null
[2022-01-10T11:13:57.737] [DEBUG] cheese - login => username:admin,password:123456
[2022-01-10T11:13:58.016] [DEBUG] cheese - admin
[2022-01-10T11:13:59.139] [DEBUG] cheese - null
[2022-01-10T11:13:59.140] [DEBUG] cheese - null
[2022-01-10T13:27:09.933] [DEBUG] cheese - login => username:admin,password:123456
[2022-01-10T13:27:10.081] [DEBUG] cheese - admin
[2022-01-10T13:27:12.064] [DEBUG] cheese - null
[2022-01-10T13:27:12.065] [DEBUG] cheese - null
[2022-01-10T13:27:12.772] [DEBUG] cheese - login => username:admin,password:123456
[2022-01-10T13:27:12.772] [DEBUG] cheese - admin
[2022-01-10T13:27:14.722] [DEBUG] cheese - null
[2022-01-10T13:27:14.722] [DEBUG] cheese - null
[2022-01-10T19:18:22.848] [DEBUG] cheese - login => username:admin,password:123456
[2022-01-10T19:18:23.020] [DEBUG] cheese - admin
[2022-01-10T19:18:23.101] [DEBUG] cheese - null
[2022-01-10T19:18:23.101] [DEBUG] cheese - null
[2022-01-11T12:45:07.086] [DEBUG] cheese - null
[2022-01-11T23:03:14.832] [DEBUG] cheese - login => username:admin,password:123456
[2022-01-11T23:03:15.085] [DEBUG] cheese - admin
[2022-01-11T23:03:17.276] [DEBUG] cheese - null
[2022-01-11T23:03:17.277] [DEBUG] cheese - null
[2022-01-11T23:03:18.308] [DEBUG] cheese - login => username:admin,password:123456
[2022-01-11T23:03:18.308] [DEBUG] cheese - admin
[2022-01-11T23:03:18.312] [DEBUG] cheese - null
[2022-01-11T23:03:18.312] [DEBUG] cheese - null
[2022-01-12T10:54:49.068] [DEBUG] cheese - login => username:admin,password:123456
[2022-01-12T10:54:49.210] [DEBUG] cheese - admin
[2022-01-12T10:54:49.882] [DEBUG] cheese - null
[2022-01-12T10:54:49.892] [DEBUG] cheese - null
[2022-01-13T11:15:52.453] [DEBUG] cheese - login => username:admin,password:123456
[2022-01-13T11:15:52.459] [DEBUG] cheese - admin
[2022-01-13T11:15:52.484] [DEBUG] cheese - null
[2022-01-13T11:15:52.485] [DEBUG] cheese - null
[2022-01-13T18:16:58.540] [DEBUG] cheese - login => username:admin,password:123456
[2022-01-13T18:16:58.553] [DEBUG] cheese - admin
[2022-01-13T18:16:58.667] [DEBUG] cheese - null
[2022-01-13T18:16:58.668] [DEBUG] cheese - null
[2022-01-14T10:31:03.457] [DEBUG] cheese - login => username:admin,password:123456
[2022-01-14T10:31:03.461] [DEBUG] cheese - admin
[2022-01-14T10:31:03.525] [DEBUG] cheese - null
[2022-01-14T10:31:03.526] [DEBUG] cheese - null
[2022-01-14T15:51:17.103] [DEBUG] cheese - login => username:admin,password:123456
[2022-01-14T15:51:17.134] [DEBUG] cheese - admin
[2022-01-14T15:51:17.171] [DEBUG] cheese - null
[2022-01-14T15:51:17.172] [DEBUG] cheese - null
[2022-01-14T21:31:22.003] [DEBUG] cheese - login => username:admin,password:123456
[2022-01-14T21:31:22.083] [DEBUG] cheese - admin
[2022-01-14T21:31:22.115] [DEBUG] cheese - null
[2022-01-14T21:31:22.116] [DEBUG] cheese - null
[2022-01-15T11:38:13.435] [DEBUG] cheese - login => username:admin,password:123456
[2022-01-15T11:38:13.548] [DEBUG] cheese - admin
[2022-01-15T11:38:13.631] [DEBUG] cheese - null
[2022-01-15T11:38:13.673] [DEBUG] cheese - null
[2022-01-15T15:52:45.844] [DEBUG] cheese - login => username:admin,password:123456
[2022-01-15T15:52:45.880] [DEBUG] cheese - admin
[2022-01-15T15:52:45.956] [DEBUG] cheese - null
[2022-01-15T15:52:45.975] [DEBUG] cheese - null
[2022-01-16T12:49:34.496] [DEBUG] cheese - login => username:admin,password:123456
[2022-01-16T12:49:34.500] [DEBUG] cheese - admin
[2022-01-16T12:49:34.553] [DEBUG] cheese - null
[2022-01-16T12:49:34.554] [DEBUG] cheese - null
[2022-01-17T09:35:32.461] [DEBUG] cheese - null
[2022-01-17T15:55:47.557] [DEBUG] cheese - login => username:admin,password:123456
[2022-01-17T15:55:47.561] [DEBUG] cheese - admin
[2022-01-17T15:55:47.754] [DEBUG] cheese - null
[2022-01-17T15:55:47.755] [DEBUG] cheese - null
[2022-01-17T19:08:52.110] [DEBUG] cheese - login => username:admin,password:123456
[2022-01-17T19:08:52.129] [DEBUG] cheese - admin
[2022-01-17T19:08:52.167] [DEBUG] cheese - null
[2022-01-17T19:08:52.168] [DEBUG] cheese - null
[2022-01-17T23:22:20.355] [DEBUG] cheese - login => username:admin,password:123456
[2022-01-17T23:22:20.512] [DEBUG] cheese - admin
[2022-01-17T23:22:20.621] [DEBUG] cheese - null
[2022-01-17T23:22:20.623] [DEBUG] cheese - null
[2022-01-18T23:25:55.031] [DEBUG] cheese - login => username:admin,password:123456
[2022-01-18T23:25:55.046] [DEBUG] cheese - admin
[2022-01-18T23:25:55.211] [DEBUG] cheese - null
[2022-01-18T23:25:55.220] [DEBUG] cheese - null
[2022-01-18T23:39:55.863] [DEBUG] cheese - login => username:admin,password:123456
[2022-01-18T23:39:55.863] [DEBUG] cheese - admin
[2022-01-18T23:39:55.886] [DEBUG] cheese - null
[2022-01-18T23:39:55.887] [DEBUG] cheese - null
[2022-01-19T12:37:47.368] [DEBUG] cheese - login => username:admin,password:123456
[2022-01-19T12:37:47.374] [DEBUG] cheese - admin
[2022-01-19T12:37:47.535] [DEBUG] cheese - null
[2022-01-19T12:37:47.555] [DEBUG] cheese - null
[2022-01-19T13:03:01.769] [DEBUG] cheese - login => username:admin,password:123456
[2022-01-19T13:03:01.775] [DEBUG] cheese - admin
[2022-01-19T13:03:01.784] [DEBUG] cheese - null
[2022-01-19T13:03:01.786] [DEBUG] cheese - null
[2022-01-19T18:23:48.347] [DEBUG] cheese - login => username:admin,password:123456
[2022-01-19T18:23:48.384] [DEBUG] cheese - admin
[2022-01-19T18:24:14.498] [DEBUG] cheese - null
[2022-01-19T18:24:14.524] [DEBUG] cheese - null
[2022-01-20T12:55:31.250] [DEBUG] cheese - login => username:admin,password:123456
[2022-01-20T12:55:31.495] [DEBUG] cheese - admin
[2022-01-20T12:55:32.679] [DEBUG] cheese - { inspect: [Function: inspect] }
[2022-01-20T12:55:32.764] [DEBUG] cheese - 查询失败
[2022-01-20T12:55:44.286] [DEBUG] cheese - login => username:admin,password:123456
[2022-01-20T12:55:44.286] [DEBUG] cheese - admin
[2022-01-20T12:55:44.354] [DEBUG] cheese - { inspect: [Function: inspect] }
[2022-01-20T12:55:44.355] [DEBUG] cheese - 查询失败
[2022-01-20T12:56:15.106] [DEBUG] cheese - login => username:admin,password:123456
[2022-01-20T12:56:15.147] [DEBUG] cheese - admin
[2022-01-20T12:57:31.006] [DEBUG] cheese - { inspect: [Function: inspect] }
[2022-01-20T12:57:31.007] [DEBUG] cheese - 查询失败
[2022-01-20T12:57:31.047] [DEBUG] cheese - login => username:admin,password:123456
[2022-01-20T12:57:31.048] [DEBUG] cheese - admin
[2022-01-20T12:57:31.055] [DEBUG] cheese - { inspect: [Function: inspect] }
[2022-01-20T12:57:31.055] [DEBUG] cheese - 查询失败
[2022-01-20T12:57:34.921] [DEBUG] cheese - login => username:admin,password:123456
[2022-01-20T12:57:34.921] [DEBUG] cheese - admin
[2022-01-20T12:57:37.969] [DEBUG] cheese - { inspect: [Function: inspect] }
[2022-01-20T12:57:37.969] [DEBUG] cheese - 查询失败
[2022-01-20T12:58:06.790] [DEBUG] cheese - login => username:admin,password:123456
[2022-01-20T12:58:06.790] [DEBUG] cheese - admin
[2022-01-20T12:58:06.796] [DEBUG] cheese - { inspect: [Function: inspect] }
[2022-01-20T12:58:06.796] [DEBUG] cheese - 查询失败
[2022-01-20T13:02:14.479] [DEBUG] cheese - login => username:admin,password:123456
[2022-01-20T13:02:14.479] [DEBUG] cheese - admin
[2022-01-20T13:02:20.840] [DEBUG] cheese - { inspect: [Function: inspect] }
[2022-01-20T13:02:20.840] [DEBUG] cheese - 查询失败
[2022-01-20T13:04:33.911] [DEBUG] cheese - login => username:admin,password:123456
[2022-01-20T13:04:33.912] [DEBUG] cheese - admin
[2022-01-20T13:04:40.000] [DEBUG] cheese - null
[2022-01-20T13:04:40.001] [DEBUG] cheese - null
[2022-01-20T13:05:30.339] [DEBUG] cheese - login => username:admin,password:123456
[2022-01-20T13:05:30.340] [DEBUG] cheese - admin
[2022-01-20T13:05:30.344] [DEBUG] cheese - null
[2022-01-20T13:05:30.345] [DEBUG] cheese - null
[2022-02-05T15:37:15.988] [DEBUG] cheese - login => username:admin,password:123456
[2022-02-05T15:37:16.033] [DEBUG] cheese - admin
[2022-02-05T15:37:16.412] [DEBUG] cheese - null
[2022-02-05T15:37:16.476] [DEBUG] cheese - null
[2022-02-05T15:42:37.843] [DEBUG] cheese - login => username:admin,password:123456
[2022-02-05T15:42:37.843] [DEBUG] cheese - admin
[2022-02-05T15:42:37.850] [DEBUG] cheese - null
[2022-02-05T15:42:37.851] [DEBUG] cheese - null
[2022-02-05T16:09:06.770] [DEBUG] cheese - login => username:admin,password:123456
[2022-02-05T16:09:06.772] [DEBUG] cheese - admin
[2022-02-05T16:09:06.778] [DEBUG] cheese - null
[2022-02-05T16:09:06.779] [DEBUG] cheese - null
[2022-02-05T16:15:25.769] [DEBUG] cheese - login => username:admin,password:123456
[2022-02-05T16:15:25.769] [DEBUG] cheese - admin
[2022-02-05T16:15:25.774] [DEBUG] cheese - null
[2022-02-05T16:15:25.774] [DEBUG] cheese - null
[2022-02-05T16:51:47.487] [DEBUG] cheese - login => username:admin,password:123456
[2022-02-05T16:51:47.523] [DEBUG] cheese - admin
[2022-02-05T16:51:47.610] [DEBUG] cheese - null
[2022-02-05T16:51:47.612] [DEBUG] cheese - null
[2022-03-23T21:00:24.498] [DEBUG] cheese - login => username:admin,password:123456
[2022-03-23T21:00:24.565] [DEBUG] cheese - admin
[2022-03-23T21:00:24.600] [DEBUG] cheese - null
[2022-03-23T21:00:24.601] [DEBUG] cheese - null
[2022-03-23T21:05:31.314] [DEBUG] cheese - login => username:admin,password:123456
[2022-03-23T21:05:31.314] [DEBUG] cheese - admin
[2022-03-23T21:05:31.344] [DEBUG] cheese - null
[2022-03-23T21:05:31.345] [DEBUG] cheese - null
[2022-03-23T21:17:50.234] [DEBUG] cheese - login => username:admin,password:123456
[2022-03-23T21:17:50.234] [DEBUG] cheese - admin
[2022-03-23T21:17:50.271] [DEBUG] cheese - null
[2022-03-23T21:17:50.272] [DEBUG] cheese - null
[2022-08-10T18:53:19.104] [DEBUG] cheese - login => username:admin,password:123456
[2022-08-10T18:53:19.109] [DEBUG] cheese - admin
[2022-08-10T18:53:19.219] [DEBUG] cheese - null
[2022-08-10T18:53:19.220] [DEBUG] cheese - null
